2023-04-10 17:31:09.636 INFO  com.example1.Dontknow.config.DontknowApplication  :55   [32m                  [0;39m Starting DontknowApplication using Java 1.8.0_221 on DESKTOP-2VOAQ9R with PID 28288 (E:\demo（app）\Dontknow\target\classes started by asus in E:\demo（app）\Dontknow)
2023-04-10 17:31:09.640 INFO  com.example1.Dontknow.config.DontknowApplication  :660  [32m                  [0;39m No active profile set, falling back to default profiles: default
2023-04-10 17:31:09.684 INFO  o.s.b.d.env.DevToolsPropertyDefaultsPostProcessor :255  [32m                  [0;39m Devtools property defaults active! Set 'spring.devtools.add-properties' to 'false' to disable
2023-04-10 17:31:09.684 INFO  o.s.b.d.env.DevToolsPropertyDefaultsPostProcessor :255  [32m                  [0;39m For additional web related logging consider setting the 'logging.level.web' property to 'DEBUG'
2023-04-10 17:31:10.177 WARN  org.mybatis.spring.mapper.ClassPathMapperScanner  :44   [32m                  [0;39m No MyBatis mapper was found in '[com.example1.Dontknow.config]' package. Please check your configuration.
2023-04-10 17:31:10.432 INFO  o.s.boot.web.embedded.tomcat.TomcatWebServer      :108  [32m                  [0;39m Tomcat initialized with port(s): 8080 (http)
2023-04-10 17:31:10.438 INFO  org.apache.coyote.http11.Http11NioProtocol        :173  [32m                  [0;39m Initializing ProtocolHandler ["http-nio-8080"]
2023-04-10 17:31:10.439 INFO  org.apache.catalina.core.StandardService          :173  [32m                  [0;39m Starting service [Tomcat]
2023-04-10 17:31:10.439 INFO  org.apache.catalina.core.StandardEngine           :173  [32m                  [0;39m Starting Servlet engine: [Apache Tomcat/9.0.39]
2023-04-10 17:31:10.493 INFO  o.a.c.core.ContainerBase.[Tomcat].[localhost].[/] :173  [32m                  [0;39m Initializing Spring embedded WebApplicationContext
2023-04-10 17:31:10.494 INFO  o.s.b.w.s.c.ServletWebServerApplicationContext    :289  [32m                  [0;39m Root WebApplicationContext: initialization completed in 809 ms
2023-04-10 17:31:10.614 INFO  o.s.scheduling.concurrent.ThreadPoolTaskExecutor  :181  [32m                  [0;39m Initializing ExecutorService 'applicationTaskExecutor'
2023-04-10 17:31:10.827 INFO  o.s.b.d.autoconfigure.OptionalLiveReloadServer    :58   [32m                  [0;39m LiveReload server is running on port 35729
2023-04-10 17:31:10.838 INFO  org.apache.coyote.http11.Http11NioProtocol        :173  [32m                  [0;39m Starting ProtocolHandler ["http-nio-8080"]
2023-04-10 17:31:10.851 INFO  o.s.boot.web.embedded.tomcat.TomcatWebServer      :220  [32m                  [0;39m Tomcat started on port(s): 8080 (http) with context path ''
2023-04-10 17:31:10.859 INFO  com.example1.Dontknow.config.DontknowApplication  :61   [32m                  [0;39m Started DontknowApplication in 1.62 seconds (JVM running for 2.285)
2023-04-10 17:31:10.861 INFO  com.example1.Dontknow.config.DontknowApplication  :22   [32m                  [0;39m 启动成功！！
2023-04-10 17:31:10.862 INFO  com.example1.Dontknow.config.DontknowApplication  :23   [32m                  [0;39m 地址：	http://127.0.0.1:8080
2023-04-10 17:32:46.298 INFO  com.example1.Dontknow.config.DontknowApplication  :55   [32m                  [0;39m Starting DontknowApplication using Java 1.8.0_221 on DESKTOP-2VOAQ9R with PID 15716 (E:\demo（app）\Dontknow\target\classes started by asus in E:\demo（app）\Dontknow)
2023-04-10 17:32:46.301 INFO  com.example1.Dontknow.config.DontknowApplication  :660  [32m                  [0;39m No active profile set, falling back to default profiles: default
2023-04-10 17:32:46.334 INFO  o.s.b.d.env.DevToolsPropertyDefaultsPostProcessor :255  [32m                  [0;39m Devtools property defaults active! Set 'spring.devtools.add-properties' to 'false' to disable
2023-04-10 17:32:46.335 INFO  o.s.b.d.env.DevToolsPropertyDefaultsPostProcessor :255  [32m                  [0;39m For additional web related logging consider setting the 'logging.level.web' property to 'DEBUG'
2023-04-10 17:32:46.746 WARN  org.mybatis.spring.mapper.ClassPathMapperScanner  :44   [32m                  [0;39m No MyBatis mapper was found in '[com.example1.Dontknow.config]' package. Please check your configuration.
2023-04-10 17:32:46.977 INFO  o.s.boot.web.embedded.tomcat.TomcatWebServer      :108  [32m                  [0;39m Tomcat initialized with port(s): 8080 (http)
2023-04-10 17:32:46.983 INFO  org.apache.coyote.http11.Http11NioProtocol        :173  [32m                  [0;39m Initializing ProtocolHandler ["http-nio-8080"]
2023-04-10 17:32:46.983 INFO  org.apache.catalina.core.StandardService          :173  [32m                  [0;39m Starting service [Tomcat]
2023-04-10 17:32:46.983 INFO  org.apache.catalina.core.StandardEngine           :173  [32m                  [0;39m Starting Servlet engine: [Apache Tomcat/9.0.39]
2023-04-10 17:32:47.034 INFO  o.a.c.core.ContainerBase.[Tomcat].[localhost].[/] :173  [32m                  [0;39m Initializing Spring embedded WebApplicationContext
2023-04-10 17:32:47.034 INFO  o.s.b.w.s.c.ServletWebServerApplicationContext    :289  [32m                  [0;39m Root WebApplicationContext: initialization completed in 699 ms
2023-04-10 17:32:47.146 INFO  o.s.scheduling.concurrent.ThreadPoolTaskExecutor  :181  [32m                  [0;39m Initializing ExecutorService 'applicationTaskExecutor'
2023-04-10 17:32:47.321 INFO  o.s.b.d.autoconfigure.OptionalLiveReloadServer    :58   [32m                  [0;39m LiveReload server is running on port 35729
2023-04-10 17:32:47.332 INFO  org.apache.coyote.http11.Http11NioProtocol        :173  [32m                  [0;39m Starting ProtocolHandler ["http-nio-8080"]
2023-04-10 17:32:47.345 INFO  o.s.boot.web.embedded.tomcat.TomcatWebServer      :220  [32m                  [0;39m Tomcat started on port(s): 8080 (http) with context path ''
2023-04-10 17:32:47.352 INFO  com.example1.Dontknow.config.DontknowApplication  :61   [32m                  [0;39m Started DontknowApplication in 1.404 seconds (JVM running for 2.036)
2023-04-10 17:32:47.354 INFO  com.example1.Dontknow.config.DontknowApplication  :22   [32m                  [0;39m 启动成功！！
2023-04-10 17:32:47.354 INFO  com.example1.Dontknow.config.DontknowApplication  :23   [32m                  [0;39m 地址：	http://127.0.0.1:8080
